[2023-07-03 13:03:43] local.ERROR: Command "add_permission_users_table" is not defined. {"exception":"[object] (Symfony\\Component\\Console\\Exception\\CommandNotFoundException(code: 0): Command \"add_permission_users_table\" is not defined. at /home/paulo/Área de Trabalho/foodwastCo/vendor/symfony/console/Application.php:720)
[stacktrace]
#0 /home/paulo/Área de Trabalho/foodwastCo/vendor/symfony/console/Application.php(259): Symfony\\Component\\Console\\Application->find()
#1 /home/paulo/Área de Trabalho/foodwastCo/vendor/symfony/console/Application.php(171): Symfony\\Component\\Console\\Application->doRun()
#2 /home/paulo/Área de Trabalho/foodwastCo/vendor/laravel/framework/src/Illuminate/Console/Application.php(94): Symfony\\Component\\Console\\Application->run()
#3 /home/paulo/Área de Trabalho/foodwastCo/vendor/laravel/framework/src/Illuminate/Foundation/Console/Kernel.php(129): Illuminate\\Console\\Application->run()
#4 /home/paulo/Área de Trabalho/foodwastCo/artisan(37): Illuminate\\Foundation\\Console\\Kernel->handle()
#5 {main}
"} 
[2023-07-03 13:04:14] local.ERROR: Command "make:migrate" is not defined.

Did you mean one of these?
    make:cast
    make:channel
    make:command
    make:component
    make:controller
    make:event
    make:exception
    make:factory
    make:job
    make:listener
    make:mail
    make:middleware
    make:migration
    make:model
    make:notification
    make:observer
    make:policy
    make:provider
    make:request
    make:resource
    make:rule
    make:seeder
    make:test {"exception":"[object] (Symfony\\Component\\Console\\Exception\\CommandNotFoundException(code: 0): Command \"make:migrate\" is not defined.

Did you mean one of these?
    make:cast
    make:channel
    make:command
    make:component
    make:controller
    make:event
    make:exception
    make:factory
    make:job
    make:listener
    make:mail
    make:middleware
    make:migration
    make:model
    make:notification
    make:observer
    make:policy
    make:provider
    make:request
    make:resource
    make:rule
    make:seeder
    make:test at /home/paulo/Área de Trabalho/foodwastCo/vendor/symfony/console/Application.php:720)
[stacktrace]
#0 /home/paulo/Área de Trabalho/foodwastCo/vendor/symfony/console/Application.php(259): Symfony\\Component\\Console\\Application->find()
#1 /home/paulo/Área de Trabalho/foodwastCo/vendor/symfony/console/Application.php(171): Symfony\\Component\\Console\\Application->doRun()
#2 /home/paulo/Área de Trabalho/foodwastCo/vendor/laravel/framework/src/Illuminate/Console/Application.php(94): Symfony\\Component\\Console\\Application->run()
#3 /home/paulo/Área de Trabalho/foodwastCo/vendor/laravel/framework/src/Illuminate/Foundation/Console/Kernel.php(129): Illuminate\\Console\\Application->run()
#4 /home/paulo/Área de Trabalho/foodwastCo/artisan(37): Illuminate\\Foundation\\Console\\Kernel->handle()
#5 {main}
"} 
